2023-06-08 15:32:41,285 INFO o.a.j.u.JMeterUtils: Setting Locale to en_EN
2023-06-08 15:32:41,305 INFO o.a.j.JMeter: Loading user properties from: /usr/local/Cellar/jmeter/5.5/libexec/bin/user.properties
2023-06-08 15:32:41,306 INFO o.a.j.JMeter: Loading system properties from: /usr/local/Cellar/jmeter/5.5/libexec/bin/system.properties
2023-06-08 15:32:41,306 INFO o.a.j.JMeter: Setting JMeter property: User=20
2023-06-08 15:32:41,306 INFO o.a.j.JMeter: Setting JMeter property: RampUp=2
2023-06-08 15:32:41,306 INFO o.a.j.JMeter: Setting JMeter property: Url=loadtest.rosia.one
2023-06-08 15:32:41,311 INFO o.a.j.JMeter: Copyright (c) 1998-2022 The Apache Software Foundation
2023-06-08 15:32:41,311 INFO o.a.j.JMeter: Version 5.5
2023-06-08 15:32:41,311 INFO o.a.j.JMeter: java.version=20
2023-06-08 15:32:41,311 INFO o.a.j.JMeter: java.vm.name=OpenJDK 64-Bit Server VM
2023-06-08 15:32:41,311 INFO o.a.j.JMeter: os.name=Mac OS X
2023-06-08 15:32:41,312 INFO o.a.j.JMeter: os.arch=x86_64
2023-06-08 15:32:41,312 INFO o.a.j.JMeter: os.version=13.2.1
2023-06-08 15:32:41,312 INFO o.a.j.JMeter: file.encoding=UTF-8
2023-06-08 15:32:41,312 INFO o.a.j.JMeter: java.awt.headless=true
2023-06-08 15:32:41,312 INFO o.a.j.JMeter: Max memory     =1073741824
2023-06-08 15:32:41,312 INFO o.a.j.JMeter: Available Processors =16
2023-06-08 15:32:41,319 INFO o.a.j.JMeter: Default Locale=English (EN)
2023-06-08 15:32:41,319 INFO o.a.j.JMeter: JMeter  Locale=English (EN)
2023-06-08 15:32:41,319 INFO o.a.j.JMeter: JMeterHome=/usr/local/Cellar/jmeter/5.5/libexec
2023-06-08 15:32:41,320 INFO o.a.j.JMeter: user.dir  =/Users/Suraj/cypressProject
2023-06-08 15:32:41,320 INFO o.a.j.JMeter: PWD       =/Users/Suraj/cypressProject
2023-06-08 15:32:41,332 INFO o.a.j.JMeter: IP: 192.168.50.37 Name: Surajs-MBP FullName: surajs-mbp
2023-06-08 15:32:41,338 INFO o.a.j.JMeter: Setting property 'jmeter.reportgenerator.outputdir' to:'/Users/Suraj/Evolve/JmeterProject/Version_2/Results/MobileInitApi/HTMLReports/MobileInitApi_20Users_2_June08'
2023-06-08 15:32:41,339 INFO o.a.j.s.FileServer: Default base='/Users/Suraj/cypressProject'
2023-06-08 15:32:41,340 INFO o.a.j.s.FileServer: Set new base='/Users/Suraj/Evolve/JmeterProject/Version_2/TestScripts'
2023-06-08 15:32:41,508 INFO o.a.j.s.SaveService: Testplan (JMX) version: 2.2. Testlog (JTL) version: 2.2
2023-06-08 15:32:41,532 INFO o.a.j.s.SaveService: Using SaveService properties version 5.0
2023-06-08 15:32:41,535 INFO o.a.j.s.SaveService: Using SaveService properties file encoding UTF-8
2023-06-08 15:32:41,537 INFO o.a.j.s.SaveService: Loading file: /Users/Suraj/Evolve/JmeterProject/Version_2/TestScripts/MobileInitApi.jmx
2023-06-08 15:32:41,562 INFO o.a.j.s.SampleResult: Note: Sample TimeStamps are START times
2023-06-08 15:32:41,562 INFO o.a.j.s.SampleResult: sampleresult.default.encoding is set to ISO-8859-1
2023-06-08 15:32:41,562 INFO o.a.j.s.SampleResult: sampleresult.useNanoTime=true
2023-06-08 15:32:41,562 INFO o.a.j.s.SampleResult: sampleresult.nanoThreadSleep=5000
2023-06-08 15:32:41,568 INFO o.a.j.p.h.c.CookieManager: Settings: Delete null: true Check: true Allow variable: true Save: false Prefix: COOKIE_
2023-06-08 15:32:41,585 INFO o.a.j.p.h.s.HTTPSamplerBase: Parser for text/html is org.apache.jmeter.protocol.http.parser.LagartoBasedHtmlParser
2023-06-08 15:32:41,586 INFO o.a.j.p.h.s.HTTPSamplerBase: Parser for application/xhtml+xml is org.apache.jmeter.protocol.http.parser.LagartoBasedHtmlParser
2023-06-08 15:32:41,586 INFO o.a.j.p.h.s.HTTPSamplerBase: Parser for application/xml is org.apache.jmeter.protocol.http.parser.LagartoBasedHtmlParser
2023-06-08 15:32:41,586 INFO o.a.j.p.h.s.HTTPSamplerBase: Parser for text/xml is org.apache.jmeter.protocol.http.parser.LagartoBasedHtmlParser
2023-06-08 15:32:41,586 INFO o.a.j.p.h.s.HTTPSamplerBase: Parser for text/vnd.wap.wml is org.apache.jmeter.protocol.http.parser.RegexpHTMLParser
2023-06-08 15:32:41,586 INFO o.a.j.p.h.s.HTTPSamplerBase: Parser for text/css is org.apache.jmeter.protocol.http.parser.CssParser
2023-06-08 15:32:41,675 INFO o.a.j.JMeter: Creating summariser <summary>
2023-06-08 15:32:41,680 INFO o.a.j.r.d.ReportGenerator: ReportGenerator will use for Parsing the separator: ','
2023-06-08 15:32:41,680 INFO o.a.j.r.d.ReportGenerator: Will generate report at end of test from  results file: /Users/Suraj/Evolve/JmeterProject/Version_2/Results/MobileInitApi/CSVReports/MobileInitApi_20Users_2_June08.csv
2023-06-08 15:32:41,680 INFO o.a.j.r.d.ReportGenerator: Reading report generator properties from: /usr/local/Cellar/jmeter/5.5/libexec/bin/reportgenerator.properties
2023-06-08 15:32:41,681 INFO o.a.j.r.d.ReportGenerator: Merging with JMeter properties
2023-06-08 15:32:41,685 INFO o.a.j.r.c.ReportGeneratorConfiguration: Property 'jmeter.reportgenerator.temp_dir' not found, using default value 'temp' instead.
2023-06-08 15:32:41,687 INFO o.a.j.r.c.ReportGeneratorConfiguration: Property 'jmeter.reportgenerator.apdex_per_transaction' not found, using default value 'null' instead.
2023-06-08 15:32:41,688 INFO o.a.j.r.c.ReportGeneratorConfiguration: apdex_per_transaction is empty, not APDEX per transaction customization
2023-06-08 15:32:41,688 INFO o.a.j.r.c.ReportGeneratorConfiguration: Property 'jmeter.reportgenerator.sample_filter' not found, using default value 'null' instead.
2023-06-08 15:32:41,688 INFO o.a.j.r.c.ReportGeneratorConfiguration: Property 'jmeter.reportgenerator.report_title' not found, using default value 'null' instead.
2023-06-08 15:32:41,688 INFO o.a.j.r.c.ReportGeneratorConfiguration: Property 'jmeter.reportgenerator.start_date' not found, using default value 'null' instead.
2023-06-08 15:32:41,688 INFO o.a.j.r.c.ReportGeneratorConfiguration: Property 'jmeter.reportgenerator.end_date' not found, using default value 'null' instead.
2023-06-08 15:32:41,688 INFO o.a.j.r.c.ReportGeneratorConfiguration: Property 'jmeter.reportgenerator.date_format' not found, using default value 'null' instead.
2023-06-08 15:32:41,688 INFO o.a.j.r.c.ReportGeneratorConfiguration: Will use date range start date: null, end date: null
2023-06-08 15:32:41,692 INFO o.a.j.r.c.ReportGeneratorConfiguration: Property 'jmeter.reportgenerator.graph.totalTPS.exclude_controllers' not found, using default value 'false' instead.
2023-06-08 15:32:41,692 INFO o.a.j.r.c.ReportGeneratorConfiguration: Property 'jmeter.reportgenerator.graph.activeThreadsOverTime.exclude_controllers' not found, using default value 'false' instead.
2023-06-08 15:32:41,692 INFO o.a.j.r.c.ReportGeneratorConfiguration: Property 'jmeter.reportgenerator.graph.timeVsThreads.exclude_controllers' not found, using default value 'false' instead.
2023-06-08 15:32:41,692 INFO o.a.j.r.c.ReportGeneratorConfiguration: Property 'jmeter.reportgenerator.graph.responseTimeDistribution.exclude_controllers' not found, using default value 'false' instead.
2023-06-08 15:32:41,692 INFO o.a.j.r.c.ReportGeneratorConfiguration: Property 'jmeter.reportgenerator.graph.transactionsPerSecond.exclude_controllers' not found, using default value 'false' instead.
2023-06-08 15:32:41,692 INFO o.a.j.r.c.ReportGeneratorConfiguration: Property 'jmeter.reportgenerator.graph.responseTimePercentiles.exclude_controllers' not found, using default value 'false' instead.
2023-06-08 15:32:41,693 INFO o.a.j.r.c.ReportGeneratorConfiguration: Property 'jmeter.reportgenerator.graph.responseTimePercentilesOverTime.exclude_controllers' not found, using default value 'false' instead.
2023-06-08 15:32:41,693 INFO o.a.j.r.c.ReportGeneratorConfiguration: Property 'jmeter.reportgenerator.graph.responseTimesOverTime.exclude_controllers' not found, using default value 'false' instead.
2023-06-08 15:32:41,693 INFO o.a.j.r.c.ReportGeneratorConfiguration: Property 'jmeter.reportgenerator.graph.connectTimeOverTime.exclude_controllers' not found, using default value 'false' instead.
2023-06-08 15:32:41,693 INFO o.a.j.r.c.ReportGeneratorConfiguration: Property 'jmeter.reportgenerator.graph.latenciesOverTime.exclude_controllers' not found, using default value 'false' instead.
2023-06-08 15:32:41,694 INFO o.a.j.r.c.ReportGeneratorConfiguration: Property 'jmeter.reportgenerator.exporter.json.filters_only_sample_series' not found, using default value 'true' instead.
2023-06-08 15:32:41,694 INFO o.a.j.r.c.ReportGeneratorConfiguration: Property 'jmeter.reportgenerator.exporter.json.series_filter' not found, using default value '' instead.
2023-06-08 15:32:41,694 INFO o.a.j.r.c.ReportGeneratorConfiguration: Property 'jmeter.reportgenerator.exporter.json.show_controllers_only' not found, using default value 'false' instead.
2023-06-08 15:32:41,694 INFO o.a.j.r.c.ReportGeneratorConfiguration: Property 'jmeter.reportgenerator.exporter.html.filters_only_sample_series' not found, using default value 'true' instead.
2023-06-08 15:32:41,694 INFO o.a.j.r.c.ReportGeneratorConfiguration: Property 'jmeter.reportgenerator.exporter.html.series_filter' not found, using default value '' instead.
2023-06-08 15:32:41,694 INFO o.a.j.r.c.ReportGeneratorConfiguration: Property 'jmeter.reportgenerator.exporter.html.show_controllers_only' not found, using default value 'false' instead.
2023-06-08 15:32:41,704 INFO o.a.j.e.StandardJMeterEngine: Running the test!
2023-06-08 15:32:41,705 INFO o.a.j.s.SampleEvent: List of sample_variables: []
2023-06-08 15:32:41,705 INFO o.a.j.s.SampleEvent: List of sample_variables: []
2023-06-08 15:32:41,708 INFO o.a.j.e.u.CompoundVariable: Note: Function class names must contain the string: '.functions.'
2023-06-08 15:32:41,708 INFO o.a.j.e.u.CompoundVariable: Note: Function class names must not contain the string: '.gui.'
2023-06-08 15:32:41,821 INFO o.a.j.JMeter: Running test (1686217661821)
2023-06-08 15:32:41,844 INFO o.a.j.e.StandardJMeterEngine: Starting ThreadGroup: 1 : User
2023-06-08 15:32:41,844 INFO o.a.j.e.StandardJMeterEngine: Starting 20 threads for group User.
2023-06-08 15:32:41,844 INFO o.a.j.e.StandardJMeterEngine: Thread will continue on error
2023-06-08 15:32:41,845 INFO o.a.j.t.ThreadGroup: Starting thread group... number=1 threads=20 ramp-up=2 delayedStart=false
2023-06-08 15:32:41,860 INFO o.a.j.t.JMeterThread: Thread started: User 1-1
2023-06-08 15:32:41,861 INFO o.a.j.s.FileServer: Stored: /Users/Suraj/Evolve/JmeterProject/Version_2/Data/RosiaSalesAppLoginUser.csv
2023-06-08 15:32:41,885 INFO o.a.j.p.h.s.HTTPHCAbstractImpl: Local host = Surajs-MBP
2023-06-08 15:32:41,890 INFO o.a.j.p.h.s.HTTPHC4Impl: HTTP request retry count = 0
2023-06-08 15:32:41,954 INFO o.a.j.p.h.s.h.LazyLayeredConnectionSocketFactory: Setting up HTTPS TrustAll Socket Factory
2023-06-08 15:32:41,957 INFO o.a.j.t.JMeterThread: Thread started: User 1-2
2023-06-08 15:32:41,960 INFO o.a.j.u.JsseSSLManager: Using default SSL protocol: TLS
2023-06-08 15:32:41,960 INFO o.a.j.u.JsseSSLManager: SSL session context: per-thread
2023-06-08 15:32:42,022 INFO o.a.j.t.ThreadGroup: Started thread group number 1
2023-06-08 15:32:42,022 INFO o.a.j.e.StandardJMeterEngine: All thread groups have been started
2023-06-08 15:32:42,048 INFO o.a.j.u.SSLManager: JmeterKeyStore Location:  type JKS
2023-06-08 15:32:42,050 INFO o.a.j.u.SSLManager: KeyStore created OK
2023-06-08 15:32:42,051 WARN o.a.j.u.SSLManager: Keystore file not found, loading empty keystore
2023-06-08 15:32:42,061 INFO o.a.j.t.JMeterThread: Thread started: User 1-3
2023-06-08 15:32:42,163 INFO o.a.j.t.JMeterThread: Thread started: User 1-4
2023-06-08 15:32:42,268 INFO o.a.j.t.JMeterThread: Thread started: User 1-5
2023-06-08 15:32:42,363 INFO o.a.j.t.JMeterThread: Thread started: User 1-6
2023-06-08 15:32:42,458 INFO o.a.j.t.JMeterThread: Thread started: User 1-7
2023-06-08 15:32:42,562 INFO o.a.j.t.JMeterThread: Thread started: User 1-8
2023-06-08 15:32:42,661 INFO o.a.j.t.JMeterThread: Thread started: User 1-9
2023-06-08 15:32:42,753 INFO o.a.j.t.JMeterThread: Thread started: User 1-10
2023-06-08 15:32:42,856 INFO o.a.j.t.JMeterThread: Thread started: User 1-11
2023-06-08 15:32:42,955 INFO o.a.j.t.JMeterThread: Thread started: User 1-12
2023-06-08 15:32:43,051 INFO o.a.j.t.JMeterThread: Thread started: User 1-13
2023-06-08 15:32:43,154 INFO o.a.j.t.JMeterThread: Thread started: User 1-14
2023-06-08 15:32:43,252 INFO o.a.j.t.JMeterThread: Thread started: User 1-15
2023-06-08 15:32:43,353 INFO o.a.j.t.JMeterThread: Thread started: User 1-16
2023-06-08 15:32:43,451 INFO o.a.j.t.JMeterThread: Thread started: User 1-17
2023-06-08 15:32:43,556 INFO o.a.j.t.JMeterThread: Thread started: User 1-18
2023-06-08 15:32:43,655 INFO o.a.j.t.JMeterThread: Thread started: User 1-19
2023-06-08 15:32:43,753 INFO o.a.j.t.JMeterThread: Thread started: User 1-20
2023-06-08 15:33:02,426 INFO o.a.j.r.Summariser: summary +     21 in 00:00:21 =    1.0/s Avg:  5440 Min:  3562 Max: 16854 Err:     0 (0.00%) Active: 20 Started: 20 Finished: 0
2023-06-08 15:33:02,426 INFO o.a.j.t.JMeterThread: Thread is done: User 1-2
2023-06-08 15:33:02,426 INFO o.a.j.t.JMeterThread: Thread finished: User 1-2
2023-06-08 15:33:05,122 INFO o.a.j.t.JMeterThread: Thread is done: User 1-4
2023-06-08 15:33:05,122 INFO o.a.j.t.JMeterThread: Thread finished: User 1-4
2023-06-08 15:33:05,185 INFO o.a.j.t.JMeterThread: Thread is done: User 1-1
2023-06-08 15:33:05,185 INFO o.a.j.t.JMeterThread: Thread finished: User 1-1
2023-06-08 15:33:05,231 INFO o.a.j.t.JMeterThread: Thread is done: User 1-3
2023-06-08 15:33:05,231 INFO o.a.j.t.JMeterThread: Thread is done: User 1-12
2023-06-08 15:33:05,231 INFO o.a.j.t.JMeterThread: Thread finished: User 1-3
2023-06-08 15:33:05,231 INFO o.a.j.t.JMeterThread: Thread finished: User 1-12
2023-06-08 15:33:05,233 INFO o.a.j.t.JMeterThread: Thread is done: User 1-6
2023-06-08 15:33:05,233 INFO o.a.j.t.JMeterThread: Thread finished: User 1-6
2023-06-08 15:33:05,245 INFO o.a.j.t.JMeterThread: Thread is done: User 1-14
2023-06-08 15:33:05,245 INFO o.a.j.t.JMeterThread: Thread finished: User 1-14
2023-06-08 15:33:05,274 INFO o.a.j.t.JMeterThread: Thread is done: User 1-17
2023-06-08 15:33:05,274 INFO o.a.j.t.JMeterThread: Thread finished: User 1-17
2023-06-08 15:33:05,275 INFO o.a.j.t.JMeterThread: Thread is done: User 1-7
2023-06-08 15:33:05,275 INFO o.a.j.t.JMeterThread: Thread finished: User 1-7
2023-06-08 15:33:05,286 INFO o.a.j.t.JMeterThread: Thread is done: User 1-9
2023-06-08 15:33:05,286 INFO o.a.j.t.JMeterThread: Thread finished: User 1-9
2023-06-08 15:33:05,304 INFO o.a.j.t.JMeterThread: Thread is done: User 1-10
2023-06-08 15:33:05,304 INFO o.a.j.t.JMeterThread: Thread finished: User 1-10
2023-06-08 15:33:05,307 INFO o.a.j.t.JMeterThread: Thread is done: User 1-13
2023-06-08 15:33:05,307 INFO o.a.j.t.JMeterThread: Thread finished: User 1-13
2023-06-08 15:33:05,313 INFO o.a.j.t.JMeterThread: Thread is done: User 1-5
2023-06-08 15:33:05,314 INFO o.a.j.t.JMeterThread: Thread finished: User 1-5
2023-06-08 15:33:05,323 INFO o.a.j.t.JMeterThread: Thread is done: User 1-16
2023-06-08 15:33:05,323 INFO o.a.j.t.JMeterThread: Thread finished: User 1-16
2023-06-08 15:33:05,348 INFO o.a.j.t.JMeterThread: Thread is done: User 1-8
2023-06-08 15:33:05,348 INFO o.a.j.t.JMeterThread: Thread finished: User 1-8
2023-06-08 15:33:05,370 INFO o.a.j.t.JMeterThread: Thread is done: User 1-20
2023-06-08 15:33:05,370 INFO o.a.j.t.JMeterThread: Thread finished: User 1-20
2023-06-08 15:33:05,385 INFO o.a.j.t.JMeterThread: Thread is done: User 1-19
2023-06-08 15:33:05,385 INFO o.a.j.t.JMeterThread: Thread finished: User 1-19
2023-06-08 15:33:05,411 INFO o.a.j.t.JMeterThread: Thread is done: User 1-15
2023-06-08 15:33:05,411 INFO o.a.j.t.JMeterThread: Thread finished: User 1-15
2023-06-08 15:33:05,412 INFO o.a.j.t.JMeterThread: Thread is done: User 1-11
2023-06-08 15:33:05,412 INFO o.a.j.t.JMeterThread: Thread finished: User 1-11
2023-06-08 15:33:05,416 INFO o.a.j.t.JMeterThread: Thread is done: User 1-18
2023-06-08 15:33:05,416 INFO o.a.j.t.JMeterThread: Thread finished: User 1-18
2023-06-08 15:33:05,417 INFO o.a.j.e.StandardJMeterEngine: Notifying test listeners of end of test
2023-06-08 15:33:05,417 INFO o.a.j.s.FileServer: Close: /Users/Suraj/Evolve/JmeterProject/Version_2/Data/RosiaSalesAppLoginUser.csv
2023-06-08 15:33:05,419 INFO o.a.j.r.Summariser: summary +     19 in 00:00:03 =    6.3/s Avg: 17498 Min: 17095 Max: 18186 Err:     0 (0.00%) Active: 0 Started: 20 Finished: 20
2023-06-08 15:33:05,419 INFO o.a.j.r.Summariser: summary =     40 in 00:00:24 =    1.7/s Avg: 11168 Min:  3562 Max: 18186 Err:     0 (0.00%)
2023-06-08 15:33:05,419 INFO o.a.j.JMeter: Generating Dashboard
2023-06-08 15:33:05,419 INFO o.a.j.r.d.ReportGenerator: Flushing result collector before report Generation
2023-06-08 15:33:05,427 INFO o.a.j.r.p.NormalizerSampleConsumer: Using format, 'ms', to parse timeStamp field
2023-06-08 15:33:05,489 INFO o.a.j.r.p.AbstractSampleConsumer: class org.apache.jmeter.report.processor.AggregateConsumer#stopProducing(): beginDate produced 0 samples
2023-06-08 15:33:05,489 INFO o.a.j.r.p.AbstractSampleConsumer: class org.apache.jmeter.report.processor.AggregateConsumer#stopProducing(): endDate produced 0 samples
2023-06-08 15:33:05,491 INFO o.a.j.r.p.AbstractSampleConsumer: class org.apache.jmeter.report.processor.ApdexSummaryConsumer#stopProducing(): apdexSummary produced 0 samples
2023-06-08 15:33:05,491 INFO o.a.j.r.p.AbstractSampleConsumer: class org.apache.jmeter.report.processor.RequestsSummaryConsumer#stopProducing(): requestsSummary produced 0 samples
2023-06-08 15:33:05,494 INFO o.a.j.r.p.AbstractSampleConsumer: class org.apache.jmeter.report.processor.StatisticsSummaryConsumer#stopProducing(): statisticsSummary produced 0 samples
2023-06-08 15:33:05,495 INFO o.a.j.r.p.AbstractSampleConsumer: class org.apache.jmeter.report.processor.Top5ErrorsBySamplerConsumer#stopProducing(): top5ErrorsBySampler produced 0 samples
2023-06-08 15:33:05,495 INFO o.a.j.r.p.AbstractSampleConsumer: class org.apache.jmeter.report.processor.ErrorsSummaryConsumer#stopProducing(): errorsSummary produced 0 samples
2023-06-08 15:33:05,496 INFO o.a.j.r.p.AbstractSampleConsumer: class org.apache.jmeter.report.processor.graph.impl.HitsPerSecondGraphConsumer#stopProducing(): hitsPerSecond produced 0 samples
2023-06-08 15:33:05,503 INFO o.a.j.r.p.AbstractSampleConsumer: class org.apache.jmeter.report.processor.graph.impl.LatencyVSRequestGraphConsumer#stopProducing(): latencyVsRequest produced 0 samples
2023-06-08 15:33:05,503 INFO o.a.j.r.p.AbstractSampleConsumer: class org.apache.jmeter.report.processor.graph.impl.SyntheticResponseTimeDistributionGraphConsumer#stopProducing(): syntheticResponseTimeDistribution produced 0 samples
2023-06-08 15:33:05,504 INFO o.a.j.r.p.AbstractSampleConsumer: class org.apache.jmeter.report.processor.graph.impl.BytesThroughputGraphConsumer#stopProducing(): bytesThroughputOverTime produced 0 samples
2023-06-08 15:33:05,504 INFO o.a.j.r.p.AbstractSampleConsumer: class org.apache.jmeter.report.processor.graph.impl.CodesPerSecondGraphConsumer#stopProducing(): codesPerSecond produced 0 samples
2023-06-08 15:33:05,506 INFO o.a.j.r.p.AbstractSampleConsumer: class org.apache.jmeter.report.processor.graph.impl.ResponseTimeVSRequestGraphConsumer#stopProducing(): responseTimeVsRequest produced 0 samples
2023-06-08 15:33:05,507 INFO o.a.j.r.p.AbstractSampleConsumer: class org.apache.jmeter.report.processor.FilterConsumer#stopProducing(): startIntervalControlerFilter produced 280 samples
2023-06-08 15:33:05,507 INFO o.a.j.r.p.AbstractSampleConsumer: class org.apache.jmeter.report.processor.graph.impl.TotalTPSGraphConsumer#stopProducing(): totalTPS produced 0 samples
2023-06-08 15:33:05,507 INFO o.a.j.r.p.AbstractSampleConsumer: class org.apache.jmeter.report.processor.graph.impl.ActiveThreadsGraphConsumer#stopProducing(): activeThreadsOverTime produced 0 samples
2023-06-08 15:33:05,507 INFO o.a.j.r.p.AbstractSampleConsumer: class org.apache.jmeter.report.processor.graph.impl.TimeVSThreadGraphConsumer#stopProducing(): timeVsThreads produced 0 samples
2023-06-08 15:33:05,507 INFO o.a.j.r.p.AbstractSampleConsumer: class org.apache.jmeter.report.processor.graph.impl.ResponseTimeDistributionGraphConsumer#stopProducing(): responseTimeDistribution produced 0 samples
2023-06-08 15:33:05,507 INFO o.a.j.r.p.AbstractSampleConsumer: class org.apache.jmeter.report.processor.graph.impl.TransactionsPerSecondGraphConsumer#stopProducing(): transactionsPerSecond produced 0 samples
2023-06-08 15:33:05,507 INFO o.a.j.r.p.AbstractSampleConsumer: class org.apache.jmeter.report.processor.graph.impl.ResponseTimePercentilesGraphConsumer#stopProducing(): responseTimePercentiles produced 0 samples
2023-06-08 15:33:05,508 INFO o.a.j.r.p.AbstractSampleConsumer: class org.apache.jmeter.report.processor.graph.impl.ResponseTimePercentilesOverTimeGraphConsumer#stopProducing(): responseTimePercentilesOverTime produced 0 samples
2023-06-08 15:33:05,509 INFO o.a.j.r.p.AbstractSampleConsumer: class org.apache.jmeter.report.processor.graph.impl.ResponseTimeOverTimeGraphConsumer#stopProducing(): responseTimesOverTime produced 0 samples
2023-06-08 15:33:05,509 INFO o.a.j.r.p.AbstractSampleConsumer: class org.apache.jmeter.report.processor.graph.impl.ConnectTimeOverTimeGraphConsumer#stopProducing(): connectTimeOverTime produced 0 samples
2023-06-08 15:33:05,509 INFO o.a.j.r.p.AbstractSampleConsumer: class org.apache.jmeter.report.processor.graph.impl.LatencyOverTimeGraphConsumer#stopProducing(): latenciesOverTime produced 0 samples
2023-06-08 15:33:05,509 INFO o.a.j.r.p.AbstractSampleConsumer: class org.apache.jmeter.report.processor.FilterConsumer#stopProducing(): nameFilter produced 900 samples
2023-06-08 15:33:05,509 INFO o.a.j.r.p.AbstractSampleConsumer: class org.apache.jmeter.report.processor.FilterConsumer#stopProducing(): dateRangeFilter produced 180 samples
2023-06-08 15:33:05,509 INFO o.a.j.r.p.AbstractSampleConsumer: class org.apache.jmeter.report.processor.NormalizerSampleConsumer#stopProducing(): normalizer produced 60 samples
2023-06-08 15:33:05,509 INFO o.a.j.r.p.CsvFileSampleSource: produce(): 60 samples produced in 62ms on channel 0
2023-06-08 15:33:05,509 INFO o.a.j.r.d.ReportGenerator: Exporting data using exporter:'json' of className:'org.apache.jmeter.report.dashboard.JsonExporter'
2023-06-08 15:33:05,603 INFO o.a.j.r.d.JsonExporter: Found data for consumer statisticsSummary in context
2023-06-08 15:33:05,603 INFO o.a.j.r.d.JsonExporter: Creating statistics for overall
2023-06-08 15:33:05,604 INFO o.a.j.r.d.JsonExporter: Creating statistics for other transactions
2023-06-08 15:33:05,604 INFO o.a.j.r.d.JsonExporter: Checking output folder
2023-06-08 15:33:05,604 INFO o.a.j.r.d.JsonExporter: Writing statistics JSON to /Users/Suraj/Evolve/JmeterProject/Version_2/Results/MobileInitApi/HTMLReports/MobileInitApi_20Users_2_June08/statistics.json
2023-06-08 15:33:05,640 INFO o.a.j.r.d.ReportGenerator: Exporting data using exporter:'html' of className:'org.apache.jmeter.report.dashboard.HtmlTemplateExporter'
2023-06-08 15:33:05,642 INFO o.a.j.r.d.HtmlTemplateExporter: Will generate dashboard in folder: /Users/Suraj/Evolve/JmeterProject/Version_2/Results/MobileInitApi/HTMLReports/MobileInitApi_20Users_2_June08
2023-06-08 15:33:05,713 INFO o.a.j.r.d.HtmlTemplateExporter: Report will be generated in: /Users/Suraj/Evolve/JmeterProject/Version_2/Results/MobileInitApi/HTMLReports/MobileInitApi_20Users_2_June08, creating folder structure
2023-06-08 15:33:05,715 INFO o.a.j.r.d.TemplateVisitor: Copying folder from '/usr/local/Cellar/jmeter/5.5/libexec/bin/report-template' to '/Users/Suraj/Evolve/JmeterProject/Version_2/Results/MobileInitApi/HTMLReports/MobileInitApi_20Users_2_June08', got message: /Users/Suraj/Evolve/JmeterProject/Version_2/Results/MobileInitApi/HTMLReports/MobileInitApi_20Users_2_June08, found non empty folder with following content [/Users/Suraj/Evolve/JmeterProject/Version_2/Results/MobileInitApi/HTMLReports/MobileInitApi_20Users_2_June08/statistics.json], will be ignored
2023-06-08 15:33:05,918 INFO o.a.j.JMeter: Dashboard generated
